<?xml version="1.0" encoding="UTF-8"?>
<!-- Generated by org.testng.reporters.JUnitReportReporter -->
<testsuite hostname="LAPTOP-60GE4F5A" failures="0" tests="5" name="testCases.TC003_LoginDDT" time="32.343" errors="0" timestamp="2025-05-10T12:52:41 IST" skipped="0">
  <testcase classname="testCases.TC003_LoginDDT" name="verify_loginDDT" time="4.670"/>
  <testcase classname="testCases.TC003_LoginDDT" name="verify_loginDDT" time="4.982"/>
  <testcase classname="testCases.TC003_LoginDDT" name="verify_loginDDT" time="13.603"/>
  <testcase classname="testCases.TC003_LoginDDT" name="verify_loginDDT" time="4.633"/>
  <testcase classname="testCases.TC003_LoginDDT" name="verify_loginDDT" time="4.455"/>
</testsuite> <!-- testCases.TC003_LoginDDT -->
