<?xml version="1.0" encoding="UTF-8"?>
<!-- Generated by org.testng.reporters.JUnitReportReporter -->
<testsuite hostname="LAPTOP-60GE4F5A" failures="0" tests="1" name="testCases.TC001_AccountRegistrationTest" time="1.866" errors="0" timestamp="2025-05-16T12:33:06 IST" skipped="0">
  <testcase classname="testCases.TC001_AccountRegistrationTest" name="verify_account_registration" time="1.866"/>
</testsuite> <!-- testCases.TC001_AccountRegistrationTest -->
